#
# There is insufficient memory for the Java Runtime Environment to continue.
# Native memory allocation (malloc) failed to allocate 1048576 bytes for AllocateHeap
# Possible reasons:
#   The system is out of physical RAM or swap space
#   In 32 bit mode, the process size limit was hit
# Possible solutions:
#   Reduce memory load on the system
#   Increase physical memory or swap space
#   Check if swap backing store is full
#   Use 64 bit Java on a 64 bit OS
#   Decrease Java heap size (-Xmx/-Xms)
#   Decrease number of Java threads
#   Decrease Java thread stack sizes (-Xss)
#   Set larger code cache with -XX:ReservedCodeCacheSize=
# This output file may be truncated or incomplete.
#
#  Out of Memory Error (memory/allocation.inline.hpp:61), pid=23732, tid=0x00000000000099e0
#
# JRE version:  (8.0_144-b01) (build )
# Java VM: Java HotSpot(TM) 64-Bit Server VM (25.144-b01 mixed mode windows-amd64 compressed oops)
# Failed to write core dump. Minidumps are not enabled by default on client versions of Windows
#

---------------  T H R E A D  ---------------

Current thread (0x00000000028ee800):  JavaThread "Unknown thread" [_thread_in_vm, id=39392, stack(0x00000000028f0000,0x00000000029f0000)]

Stack: [0x00000000028f0000,0x00000000029f0000]
[error occurred during error reporting (printing stack bounds), id 0xc0000005]

Native frames: (J=compiled Java code, j=interpreted, Vv=VM code, C=native code)


---------------  P R O C E S S  ---------------

Java Threads: ( => current thread )

Other Threads:

=>0x00000000028ee800 (exited) JavaThread "Unknown thread" [_thread_in_vm, id=39392, stack(0x00000000028f0000,0x00000000029f0000)]

VM state:not at safepoint (normal execution)

VM Mutex/Monitor currently owned by a thread: None

Heap:
 PSYoungGen      total 76288K, used 1310K [0x000000076b500000, 0x0000000770a00000, 0x00000007c0000000)
  eden space 65536K, 2% used [0x000000076b500000,0x000000076b647af0,0x000000076f500000)
  from space 10752K, 0% used [0x000000076ff80000,0x000000076ff80000,0x0000000770a00000)
  to   space 10752K, 0% used [0x000000076f500000,0x000000076f500000,0x000000076ff80000)
 ParOldGen       total 175104K, used 0K [0x00000006c1e00000, 0x00000006cc900000, 0x000000076b500000)
  object space 175104K, 0% used [0x00000006c1e00000,0x00000006c1e00000,0x00000006cc900000)
 Metaspace       used 770K, capacity 4480K, committed 4480K, reserved 1056768K
  class space    used 75K, capacity 384K, committed 384K, reserved 1048576K

Card table byte_map: [0x0000000011ec0000,0x00000000126c0000] byte_map_base: 0x000000000e8b1000

Marking Bits: (ParMarkBitMap*) 0x0000000071fcd850
 Begin Bits: [0x0000000013010000, 0x0000000016f98000)
 End Bits:   [0x0000000016f98000, 0x000000001af20000)

Polling page: 0x00000000028c0000

CodeCache: size=245760Kb used=328Kb max_used=328Kb free=245431Kb
 bounds [0x0000000002b00000, 0x0000000002d70000, 0x0000000011b00000]
 total_blobs=58 nmethods=0 adapters=38
 compilation: enabled

Compilation events (0 events):
No events

GC Heap History (0 events):
No events

Deoptimization events (0 events):
No events

Internal exceptions (0 events):
No events

Events (10 events):
Event: 0.052 loading class java/lang/Short
Event: 0.052 loading class java/lang/Short done
Event: 0.052 loading class java/lang/Integer
Event: 0.052 loading class java/lang/Integer done
Event: 0.052 loading class java/lang/Long
Event: 0.052 loading class java/lang/Long done
Event: 0.057 loading class java/lang/NullPointerException
Event: 0.058 loading class java/lang/NullPointerException done
Event: 0.058 loading class java/lang/ArithmeticException
Event: 0.058 loading class java/lang/ArithmeticException done


Dynamic libraries:
0x00007ff7cbac0000 - 0x00007ff7cbaf7000 	I:\Program Files\Java\jdk1.8.0_144\jre\bin\java.exe
0x00007ffb94c80000 - 0x00007ffb94e61000 	C:\windows\SYSTEM32\ntdll.dll
0x00007ffb93eb0000 - 0x00007ffb93f61000 	C:\windows\System32\KERNEL32.DLL
0x00007ffb91260000 - 0x00007ffb914d3000 	C:\windows\System32\KERNELBASE.dll
0x00007ffb94a10000 - 0x00007ffb94ab1000 	C:\windows\System32\ADVAPI32.dll
0x00007ffb93e10000 - 0x00007ffb93eae000 	C:\windows\System32\msvcrt.dll
0x00007ffb941b0000 - 0x00007ffb9420b000 	C:\windows\System32\sechost.dll
0x00007ffb942b0000 - 0x00007ffb943d4000 	C:\windows\System32\RPCRT4.dll
0x00007ffb93f70000 - 0x00007ffb94100000 	C:\windows\System32\USER32.dll
0x00007ffb91020000 - 0x00007ffb91040000 	C:\windows\System32\win32u.dll
0x00007ffb94c20000 - 0x00007ffb94c48000 	C:\windows\System32\GDI32.dll
0x00007ffb91630000 - 0x00007ffb917c2000 	C:\windows\System32\gdi32full.dll
0x00007ffb914e0000 - 0x00007ffb9157f000 	C:\windows\System32\msvcp_win.dll
0x00007ffb91160000 - 0x00007ffb91258000 	C:\windows\System32\ucrtbase.dll
0x00007ffb7fec0000 - 0x00007ffb80129000 	C:\windows\WinSxS\amd64_microsoft.windows.common-controls_6595b64144ccf1df_6.0.17134.765_none_fb42a1a930655896\COMCTL32.dll
0x00007ffb93720000 - 0x00007ffb93a42000 	C:\windows\System32\combase.dll
0x00007ffb91ee0000 - 0x00007ffb91f5a000 	C:\windows\System32\bcryptPrimitives.dll
0x00007ffb94100000 - 0x00007ffb9412d000 	C:\windows\System32\IMM32.DLL
0x0000000072050000 - 0x0000000072122000 	I:\Program Files\Java\jdk1.8.0_144\jre\bin\msvcr100.dll
0x00000000717b0000 - 0x000000007204d000 	I:\Program Files\Java\jdk1.8.0_144\jre\bin\server\jvm.dll
0x00007ffb90ff0000 - 0x00007ffb91013000 	C:\windows\System32\WINMM.dll
0x00007ffb90cb0000 - 0x00007ffb90cda000 	C:\windows\System32\WINMMBASE.dll
0x00007ffb90f50000 - 0x00007ffb90f99000 	C:\windows\System32\cfgmgr32.dll
0x00007ffb941a0000 - 0x00007ffb941a8000 	C:\windows\System32\PSAPI.DLL
0x00007ffb81f70000 - 0x00007ffb81f79000 	C:\windows\SYSTEM32\WSOCK32.dll
0x00007ffb94130000 - 0x00007ffb9419c000 	C:\windows\System32\WS2_32.dll
0x00007ffb8f9c0000 - 0x00007ffb8f9ca000 	C:\windows\SYSTEM32\VERSION.dll
0x0000000075930000 - 0x000000007593f000 	I:\Program Files\Java\jdk1.8.0_144\jre\bin\verify.dll
0x0000000071780000 - 0x00000000717a9000 	I:\Program Files\Java\jdk1.8.0_144\jre\bin\java.dll
0x0000000073890000 - 0x00000000738a6000 	I:\Program Files\Java\jdk1.8.0_144\jre\bin\zip.dll

VM Arguments:
java_command: C:\Users\ADMINI~1\AppData\Local\Temp\surefire3366613847632091096\surefirebooter7607937550113621491.jar C:\Users\Administrator\AppData\Local\Temp\surefire3366613847632091096 2019-10-18T15-29-12_940-jvmRun1 surefire5036609385296433690tmp surefire_05896992228348418869tmp
java_class_path (initial): C:\Users\ADMINI~1\AppData\Local\Temp\surefire3366613847632091096\surefirebooter7607937550113621491.jar
Launcher Type: SUN_STANDARD

Environment Variables:
JAVA_HOME=I:\Program Files\Java\jdk1.8.0_144
USERNAME=Administrator
OS=Windows_NT
PROCESSOR_IDENTIFIER=Intel64 Family 6 Model 58 Stepping 9, GenuineIntel



---------------  S Y S T E M  ---------------

OS: Windows 10.0 , 64 bit Build 17134 (10.0.17134.753)

CPU:total 4 (initial active 4) (2 cores per cpu, 2 threads per core) family 6 model 58 stepping 9, cmov, cx8, fxsr, mmx, sse, sse2, sse3, ssse3, sse4.1, sse4.2, popcnt, avx, clmul, erms, ht, tsc, tscinvbit, tscinv

Memory: 4k page, physical 16647612k(6234964k free), swap 20743612k(4852k free)

vm_info: Java HotSpot(TM) 64-Bit Server VM (25.144-b01) for windows-amd64 JRE (1.8.0_144-b01), built on Jul 21 2017 21:57:33 by "java_re" with MS VC++ 10.0 (VS2010)

time: Fri Oct 18 15:29:14 2019
elapsed time: 0 seconds (0d 0h 0m 0s)

